# JRE version: OpenJDK Runtime Environment (8.0_152-b01) (build 1.8.0_152-release-915-b01)
# Java VM: OpenJDK 64-Bit Server VM (25.152-b01 mixed mode windows-amd64 compressed oops)
Heap:
 PSYoungGen      total 493568K, used 21855K [0x00000000e0000000, 0x00000000ffe00000, 0x0000000100000000)
  eden space 463872K, 4% used [0x00000000e0000000,0x00000000e1557ce8,0x00000000fc500000)
  from space 29696K, 0% used [0x00000000fc500000,0x00000000fc500000,0x00000000fe200000)
  to   space 28160K, 0% used [0x00000000fe280000,0x00000000fe280000,0x00000000ffe00000)
 ParOldGen       total 122368K, used 60347K [0x00000000a0000000, 0x00000000a7780000, 0x00000000e0000000)
  object space 122368K, 49% used [0x00000000a0000000,0x00000000a3aeee60,0x00000000a7780000)
 Metaspace       used 102517K, capacity 108788K, committed 112128K, reserved 1146880K
  class space    used 12932K, capacity 14308K, committed 15104K, reserved 1048576K
GC Heap History (10 events):
Event: 5691.168 GC heap before
{Heap before GC invocations=35 (full 4):
 PSYoungGen      total 491008K, used 175236K [0x00000000e0000000, 0x00000000ffd00000, 0x0000000100000000)
  eden space 463872K, 34% used [0x00000000e0000000,0x00000000e9dc6980,0x00000000fc500000)
  from space 27136K, 50% used [0x00000000fe280000,0x00000000fefda930,0x00000000ffd00000)
  to   space 28672K, 0% used [0x00000000fc500000,0x00000000fc500000,0x00000000fe100000)
 ParOldGen       total 122368K, used 91674K [0x00000000a0000000, 0x00000000a7780000, 0x00000000e0000000)
  object space 122368K, 74% used [0x00000000a0000000,0x00000000a5986b90,0x00000000a7780000)
 Metaspace       used 104609K, capacity 111824K, committed 112128K, reserved 1146880K
  class space    used 13425K, capacity 15038K, committed 15104K, reserved 1048576K
Event: 5691.292 GC heap after
Heap after GC invocations=35 (full 4):
 PSYoungGen      total 492544K, used 733K [0x00000000e0000000, 0x00000000fff00000, 0x0000000100000000)
  eden space 463872K, 0% used [0x00000000e0000000,0x00000000e0000000,0x00000000fc500000)
  from space 28672K, 2% used [0x00000000fc500000,0x00000000fc5b7478,0x00000000fe100000)
  to   space 29696K, 0% used [0x00000000fe200000,0x00000000fe200000,0x00000000fff00000)
 ParOldGen       total 122368K, used 92400K [0x00000000a0000000, 0x00000000a7780000, 0x00000000e0000000)
  object space 122368K, 75% used [0x00000000a0000000,0x00000000a5a3c3e0,0x00000000a7780000)
 Metaspace       used 104609K, capacity 111824K, committed 112128K, reserved 1146880K
  class space    used 13425K, capacity 15038K, committed 15104K, reserved 1048576K
}
Event: 5691.292 GC heap before
{Heap before GC invocations=36 (full 5):
 PSYoungGen      total 492544K, used 733K [0x00000000e0000000, 0x00000000fff00000, 0x0000000100000000)
  eden space 463872K, 0% used [0x00000000e0000000,0x00000000e0000000,0x00000000fc500000)
  from space 28672K, 2% used [0x00000000fc500000,0x00000000fc5b7478,0x00000000fe100000)
  to   space 29696K, 0% used [0x00000000fe200000,0x00000000fe200000,0x00000000fff00000)
 ParOldGen       total 122368K, used 92400K [0x00000000a0000000, 0x00000000a7780000, 0x00000000e0000000)
  object space 122368K, 75% used [0x00000000a0000000,0x00000000a5a3c3e0,0x00000000a7780000)
 Metaspace       used 104609K, capacity 111824K, committed 112128K, reserved 1146880K
  class space    used 13425K, capacity 15038K, committed 15104K, reserved 1048576K
Event: 5692.519 GC heap after
Heap after GC invocations=36 (full 5):
 PSYoungGen      total 492544K, used 0K [0x00000000e0000000, 0x00000000fff00000, 0x0000000100000000)
  eden space 463872K, 0% used [0x00000000e0000000,0x00000000e0000000,0x00000000fc500000)
  from space 28672K, 0% used [0x00000000fc500000,0x00000000fc500000,0x00000000fe100000)
  to   space 29696K, 0% used [0x00000000fe200000,0x00000000fe200000,0x00000000fff00000)
 ParOldGen       total 122368K, used 55935K [0x00000000a0000000, 0x00000000a7780000, 0x00000000e0000000)
  object space 122368K, 45% used [0x00000000a0000000,0x00000000a369ff50,0x00000000a7780000)
 Metaspace       used 101803K, capacity 107646K, committed 112128K, reserved 1146880K
  class space    used 12856K, capacity 14132K, committed 15104K, reserved 1048576K
}
Event: 7581.545 GC heap before
{Heap before GC invocations=37 (full 5):
 PSYoungGen      total 492544K, used 463840K [0x00000000e0000000, 0x00000000fff00000, 0x0000000100000000)
  eden space 463872K, 99% used [0x00000000e0000000,0x00000000fc4f8368,0x00000000fc500000)
  from space 28672K, 0% used [0x00000000fc500000,0x00000000fc500000,0x00000000fe100000)
  to   space 29696K, 0% used [0x00000000fe200000,0x00000000fe200000,0x00000000fff00000)
 ParOldGen       total 122368K, used 55935K [0x00000000a0000000, 0x00000000a7780000, 0x00000000e0000000)
  object space 122368K, 45% used [0x00000000a0000000,0x00000000a369ff50,0x00000000a7780000)
 Metaspace       used 102745K, capacity 109164K, committed 112128K, reserved 1146880K
  class space    used 12986K, capacity 14377K, committed 15104K, reserved 1048576K
Event: 7582.201 GC heap after
Heap after GC invocations=37 (full 5):
 PSYoungGen      total 493568K, used 17613K [0x00000000e0000000, 0x0000000100000000, 0x0000000100000000)
  eden space 463872K, 0% used [0x00000000e0000000,0x00000000e0000000,0x00000000fc500000)
  from space 29696K, 59% used [0x00000000fe200000,0x00000000ff3335c8,0x00000000fff00000)
  to   space 29696K, 0% used [0x00000000fc500000,0x00000000fc500000,0x00000000fe200000)
 ParOldGen       total 122368K, used 55943K [0x00000000a0000000, 0x00000000a7780000, 0x00000000e0000000)
  object space 122368K, 45% used [0x00000000a0000000,0x00000000a36a1f50,0x00000000a7780000)
 Metaspace       used 102745K, capacity 109164K, committed 112128K, reserved 1146880K
  class space    used 12986K, capacity 14377K, committed 15104K, reserved 1048576K
}
Event: 9292.521 GC heap before
{Heap before GC invocations=38 (full 5):
 PSYoungGen      total 493568K, used 108655K [0x00000000e0000000, 0x0000000100000000, 0x0000000100000000)
  eden space 463872K, 19% used [0x00000000e0000000,0x00000000e58e8708,0x00000000fc500000)
  from space 29696K, 59% used [0x00000000fe200000,0x00000000ff3335c8,0x00000000fff00000)
  to   space 29696K, 0% used [0x00000000fc500000,0x00000000fc500000,0x00000000fe200000)
 ParOldGen       total 122368K, used 55943K [0x00000000a0000000, 0x00000000a7780000, 0x00000000e0000000)
  object space 122368K, 45% used [0x00000000a0000000,0x00000000a36a1f50,0x00000000a7780000)
 Metaspace       used 103277K, capacity 109778K, committed 112128K, reserved 1146880K
  class space    used 13080K, capacity 14490K, committed 15104K, reserved 1048576K
Event: 9292.718 GC heap after
Heap after GC invocations=38 (full 5):
 PSYoungGen      total 493568K, used 12041K [0x00000000e0000000, 0x00000000ffe00000, 0x0000000100000000)
  eden space 463872K, 0% used [0x00000000e0000000,0x00000000e0000000,0x00000000fc500000)
  from space 29696K, 40% used [0x00000000fc500000,0x00000000fd0c2550,0x00000000fe200000)
  to   space 28160K, 0% used [0x00000000fe280000,0x00000000fe280000,0x00000000ffe00000)
 ParOldGen       total 122368K, used 55951K [0x00000000a0000000, 0x00000000a7780000, 0x00000000e0000000)
  object space 122368K, 45% used [0x00000000a0000000,0x00000000a36a3f50,0x00000000a7780000)
 Metaspace       used 103277K, capacity 109778K, committed 112128K, reserved 1146880K
  class space    used 13080K, capacity 14490K, committed 15104K, reserved 1048576K
}
Event: 9292.718 GC heap before
{Heap before GC invocations=39 (full 6):
 PSYoungGen      total 493568K, used 12041K [0x00000000e0000000, 0x00000000ffe00000, 0x0000000100000000)
  eden space 463872K, 0% used [0x00000000e0000000,0x00000000e0000000,0x00000000fc500000)
  from space 29696K, 40% used [0x00000000fc500000,0x00000000fd0c2550,0x00000000fe200000)
  to   space 28160K, 0% used [0x00000000fe280000,0x00000000fe280000,0x00000000ffe00000)
 ParOldGen       total 122368K, used 55951K [0x00000000a0000000, 0x00000000a7780000, 0x00000000e0000000)
  object space 122368K, 45% used [0x00000000a0000000,0x00000000a36a3f50,0x00000000a7780000)
 Metaspace       used 103277K, capacity 109778K, committed 112128K, reserved 1146880K
  class space    used 13080K, capacity 14490K, committed 15104K, reserved 1048576K
Event: 9294.477 GC heap after
Heap after GC invocations=39 (full 6):
 PSYoungGen      total 493568K, used 0K [0x00000000e0000000, 0x00000000ffe00000, 0x0000000100000000)
  eden space 463872K, 0% used [0x00000000e0000000,0x00000000e0000000,0x00000000fc500000)
  from space 29696K, 0% used [0x00000000fc500000,0x00000000fc500000,0x00000000fe200000)
  to   space 28160K, 0% used [0x00000000fe280000,0x00000000fe280000,0x00000000ffe00000)
 ParOldGen       total 122368K, used 60347K [0x00000000a0000000, 0x00000000a7780000, 0x00000000e0000000)
  object space 122368K, 49% used [0x00000000a0000000,0x00000000a3aeee60,0x00000000a7780000)
 Metaspace       used 102154K, capacity 108156K, committed 112128K, reserved 1146880K
  class space    used 12870K, capacity 14173K, committed 15104K, reserved 1048576K
}

