# JRE version: OpenJDK Runtime Environment (8.0_152-b01) (build 1.8.0_152-release-915-b01)
# Java VM: OpenJDK 64-Bit Server VM (25.152-b01 mixed mode windows-amd64 compressed oops)
Heap:
 PSYoungGen      total 185856K, used 27174K [0x00000000e0000000, 0x00000000f1880000, 0x0000000100000000)
  eden space 163840K, 9% used [0x00000000e0000000,0x00000000e0fb91f8,0x00000000ea000000)
  from space 22016K, 50% used [0x00000000ea000000,0x00000000eaad0870,0x00000000eb580000)
  to   space 21504K, 0% used [0x00000000f0380000,0x00000000f0380000,0x00000000f1880000)
 ParOldGen       total 101888K, used 82482K [0x00000000a0000000, 0x00000000a6380000, 0x00000000e0000000)
  object space 101888K, 80% used [0x00000000a0000000,0x00000000a508c950,0x00000000a6380000)
 Metaspace       used 53309K, capacity 54262K, committed 54656K, reserved 1097728K
  class space    used 6408K, capacity 6659K, committed 6784K, reserved 1048576K
GC Heap History (10 events):
Event: 17.151 GC heap before
{Heap before GC invocations=14 (full 3):
 PSYoungGen      total 92672K, used 84352K [0x00000000e0000000, 0x00000000e7600000, 0x0000000100000000)
  eden space 76800K, 89% used [0x00000000e0000000,0x00000000e42e49d0,0x00000000e4b00000)
  from space 15872K, 99% used [0x00000000e6680000,0x00000000e75fb670,0x00000000e7600000)
  to   space 20480K, 0% used [0x00000000e4e00000,0x00000000e4e00000,0x00000000e6200000)
 ParOldGen       total 60416K, used 22228K [0x00000000a0000000, 0x00000000a3b00000, 0x00000000e0000000)
  object space 60416K, 36% used [0x00000000a0000000,0x00000000a15b50c0,0x00000000a3b00000)
 Metaspace       used 44254K, capacity 44982K, committed 45440K, reserved 1089536K
  class space    used 5527K, capacity 5681K, committed 5760K, reserved 1048576K
Event: 17.210 GC heap after
Heap after GC invocations=14 (full 3):
 PSYoungGen      total 100352K, used 20215K [0x00000000e0000000, 0x00000000e9680000, 0x0000000100000000)
  eden space 79872K, 0% used [0x00000000e0000000,0x00000000e0000000,0x00000000e4e00000)
  from space 20480K, 98% used [0x00000000e4e00000,0x00000000e61bdc28,0x00000000e6200000)
  to   space 23552K, 0% used [0x00000000e7f80000,0x00000000e7f80000,0x00000000e9680000)
 ParOldGen       total 60416K, used 22236K [0x00000000a0000000, 0x00000000a3b00000, 0x00000000e0000000)
  object space 60416K, 36% used [0x00000000a0000000,0x00000000a15b70c0,0x00000000a3b00000)
 Metaspace       used 44254K, capacity 44982K, committed 45440K, reserved 1089536K
  class space    used 5527K, capacity 5681K, committed 5760K, reserved 1048576K
}
Event: 17.265 GC heap before
{Heap before GC invocations=15 (full 3):
 PSYoungGen      total 100352K, used 91107K [0x00000000e0000000, 0x00000000e9680000, 0x0000000100000000)
  eden space 79872K, 88% used [0x00000000e0000000,0x00000000e453b348,0x00000000e4e00000)
  from space 20480K, 98% used [0x00000000e4e00000,0x00000000e61bdc28,0x00000000e6200000)
  to   space 23552K, 0% used [0x00000000e7f80000,0x00000000e7f80000,0x00000000e9680000)
 ParOldGen       total 101888K, used 63263K [0x00000000a0000000, 0x00000000a6380000, 0x00000000e0000000)
  object space 101888K, 62% used [0x00000000a0000000,0x00000000a3dc7f28,0x00000000a6380000)
 Metaspace       used 44274K, capacity 44996K, committed 45440K, reserved 1089536K
  class space    used 5531K, capacity 5684K, committed 5760K, reserved 1048576K
Event: 17.334 GC heap after
Heap after GC invocations=15 (full 3):
 PSYoungGen      total 131584K, used 10916K [0x00000000e0000000, 0x00000000ea400000, 0x0000000100000000)
  eden space 108032K, 0% used [0x00000000e0000000,0x00000000e0000000,0x00000000e6980000)
  from space 23552K, 46% used [0x00000000e7f80000,0x00000000e8a292f0,0x00000000e9680000)
  to   space 22528K, 0% used [0x00000000e6980000,0x00000000e6980000,0x00000000e7f80000)
 ParOldGen       total 101888K, used 71354K [0x00000000a0000000, 0x00000000a6380000, 0x00000000e0000000)
  object space 101888K, 70% used [0x00000000a0000000,0x00000000a45ae908,0x00000000a6380000)
 Metaspace       used 44274K, capacity 44996K, committed 45440K, reserved 1089536K
  class space    used 5531K, capacity 5684K, committed 5760K, reserved 1048576K
}
Event: 17.606 GC heap before
{Heap before GC invocations=16 (full 3):
 PSYoungGen      total 131584K, used 80623K [0x00000000e0000000, 0x00000000ea400000, 0x0000000100000000)
  eden space 108032K, 64% used [0x00000000e0000000,0x00000000e4412a28,0x00000000e6980000)
  from space 23552K, 46% used [0x00000000e7f80000,0x00000000e8a292f0,0x00000000e9680000)
  to   space 22528K, 0% used [0x00000000e6980000,0x00000000e6980000,0x00000000e7f80000)
 ParOldGen       total 101888K, used 71354K [0x00000000a0000000, 0x00000000a6380000, 0x00000000e0000000)
  object space 101888K, 70% used [0x00000000a0000000,0x00000000a45ae908,0x00000000a6380000)
 Metaspace       used 45100K, capacity 45832K, committed 46336K, reserved 1089536K
  class space    used 5639K, capacity 5790K, committed 5888K, reserved 1048576K
Event: 17.632 GC heap after
Heap after GC invocations=16 (full 3):
 PSYoungGen      total 130560K, used 11167K [0x00000000e0000000, 0x00000000ecb80000, 0x0000000100000000)
  eden space 108032K, 0% used [0x00000000e0000000,0x00000000e0000000,0x00000000e6980000)
  from space 22528K, 49% used [0x00000000e6980000,0x00000000e7467f18,0x00000000e7f80000)
  to   space 21504K, 0% used [0x00000000eb680000,0x00000000eb680000,0x00000000ecb80000)
 ParOldGen       total 101888K, used 82250K [0x00000000a0000000, 0x00000000a6380000, 0x00000000e0000000)
  object space 101888K, 80% used [0x00000000a0000000,0x00000000a5052950,0x00000000a6380000)
 Metaspace       used 45100K, capacity 45832K, committed 46336K, reserved 1089536K
  class space    used 5639K, capacity 5790K, committed 5888K, reserved 1048576K
}
Event: 17.688 GC heap before
{Heap before GC invocations=17 (full 3):
 PSYoungGen      total 130560K, used 113440K [0x00000000e0000000, 0x00000000ecb80000, 0x0000000100000000)
  eden space 108032K, 94% used [0x00000000e0000000,0x00000000e63e00e8,0x00000000e6980000)
  from space 22528K, 49% used [0x00000000e6980000,0x00000000e7467f18,0x00000000e7f80000)
  to   space 21504K, 0% used [0x00000000eb680000,0x00000000eb680000,0x00000000ecb80000)
 ParOldGen       total 101888K, used 82250K [0x00000000a0000000, 0x00000000a6380000, 0x00000000e0000000)
  object space 101888K, 80% used [0x00000000a0000000,0x00000000a5052950,0x00000000a6380000)
 Metaspace       used 45336K, capacity 46080K, committed 46592K, reserved 1089536K
  class space    used 5677K, capacity 5826K, committed 5888K, reserved 1048576K
Event: 17.690 GC heap after
Heap after GC invocations=17 (full 3):
 PSYoungGen      total 184832K, used 369K [0x00000000e0000000, 0x00000000ecb00000, 0x0000000100000000)
  eden space 163840K, 0% used [0x00000000e0000000,0x00000000e0000000,0x00000000ea000000)
  from space 20992K, 1% used [0x00000000eb680000,0x00000000eb6dc438,0x00000000ecb00000)
  to   space 22016K, 0% used [0x00000000ea000000,0x00000000ea000000,0x00000000eb580000)
 ParOldGen       total 101888K, used 82426K [0x00000000a0000000, 0x00000000a6380000, 0x00000000e0000000)
  object space 101888K, 80% used [0x00000000a0000000,0x00000000a507e950,0x00000000a6380000)
 Metaspace       used 45336K, capacity 46080K, committed 46592K, reserved 1089536K
  class space    used 5677K, capacity 5826K, committed 5888K, reserved 1048576K
}
Event: 21.991 GC heap before
{Heap before GC invocations=18 (full 3):
 PSYoungGen      total 184832K, used 164209K [0x00000000e0000000, 0x00000000ecb00000, 0x0000000100000000)
  eden space 163840K, 100% used [0x00000000e0000000,0x00000000ea000000,0x00000000ea000000)
  from space 20992K, 1% used [0x00000000eb680000,0x00000000eb6dc438,0x00000000ecb00000)
  to   space 22016K, 0% used [0x00000000ea000000,0x00000000ea000000,0x00000000eb580000)
 ParOldGen       total 101888K, used 82426K [0x00000000a0000000, 0x00000000a6380000, 0x00000000e0000000)
  object space 101888K, 80% used [0x00000000a0000000,0x00000000a507e950,0x00000000a6380000)
 Metaspace       used 53308K, capacity 54262K, committed 54656K, reserved 1097728K
  class space    used 6408K, capacity 6659K, committed 6784K, reserved 1048576K
Event: 22.017 GC heap after
Heap after GC invocations=18 (full 3):
 PSYoungGen      total 185856K, used 11074K [0x00000000e0000000, 0x00000000f1880000, 0x0000000100000000)
  eden space 163840K, 0% used [0x00000000e0000000,0x00000000e0000000,0x00000000ea000000)
  from space 22016K, 50% used [0x00000000ea000000,0x00000000eaad0870,0x00000000eb580000)
  to   space 21504K, 0% used [0x00000000f0380000,0x00000000f0380000,0x00000000f1880000)
 ParOldGen       total 101888K, used 82482K [0x00000000a0000000, 0x00000000a6380000, 0x00000000e0000000)
  object space 101888K, 80% used [0x00000000a0000000,0x00000000a508c950,0x00000000a6380000)
 Metaspace       used 53308K, capacity 54262K, committed 54656K, reserved 1097728K
  class space    used 6408K, capacity 6659K, committed 6784K, reserved 1048576K
}

