# JRE version: OpenJDK Runtime Environment (8.0_152-b01) (build 1.8.0_152-release-915-b01)
# Java VM: OpenJDK 64-Bit Server VM (25.152-b01 mixed mode windows-amd64 compressed oops)
Heap:
 PSYoungGen      total 71680K, used 10907K [0x00000000e0000000, 0x00000000e6700000, 0x0000000100000000)
  eden space 51712K, 9% used [0x00000000e0000000,0x00000000e0509a30,0x00000000e3280000)
  from space 19968K, 28% used [0x00000000e3280000,0x00000000e381d558,0x00000000e4600000)
  to   space 19456K, 0% used [0x00000000e5400000,0x00000000e5400000,0x00000000e6700000)
 ParOldGen       total 276992K, used 250065K [0x00000000a0000000, 0x00000000b0e80000, 0x00000000e0000000)
  object space 276992K, 90% used [0x00000000a0000000,0x00000000af4344d8,0x00000000b0e80000)
 Metaspace       used 46166K, capacity 46912K, committed 47232K, reserved 1091584K
  class space    used 5769K, capacity 5930K, committed 6016K, reserved 1048576K
GC Heap History (10 events):
Event: 8.565 GC heap before
{Heap before GC invocations=15 (full 3):
 PSYoungGen      total 54272K, used 54269K [0x00000000e0000000, 0x00000000e4c80000, 0x0000000100000000)
  eden space 41984K, 100% used [0x00000000e0000000,0x00000000e2900000,0x00000000e2900000)
  from space 12288K, 99% used [0x00000000e2900000,0x00000000e34ff408,0x00000000e3500000)
  to   space 14848K, 0% used [0x00000000e3e00000,0x00000000e3e00000,0x00000000e4c80000)
 ParOldGen       total 65024K, used 19030K [0x00000000a0000000, 0x00000000a3f80000, 0x00000000e0000000)
  object space 65024K, 29% used [0x00000000a0000000,0x00000000a1295930,0x00000000a3f80000)
 Metaspace       used 42358K, capacity 42986K, committed 43264K, reserved 1087488K
  class space    used 5216K, capacity 5371K, committed 5376K, reserved 1048576K
Event: 8.611 GC heap after
Heap after GC invocations=15 (full 3):
 PSYoungGen      total 59392K, used 14844K [0x00000000e0000000, 0x00000000e5900000, 0x0000000100000000)
  eden space 44544K, 0% used [0x00000000e0000000,0x00000000e0000000,0x00000000e2b80000)
  from space 14848K, 99% used [0x00000000e3e00000,0x00000000e4c7f118,0x00000000e4c80000)
  to   space 18944K, 0% used [0x00000000e2b80000,0x00000000e2b80000,0x00000000e3e00000)
 ParOldGen       total 65024K, used 23886K [0x00000000a0000000, 0x00000000a3f80000, 0x00000000e0000000)
  object space 65024K, 36% used [0x00000000a0000000,0x00000000a17538e8,0x00000000a3f80000)
 Metaspace       used 42358K, capacity 42986K, committed 43264K, reserved 1087488K
  class space    used 5216K, capacity 5371K, committed 5376K, reserved 1048576K
}
Event: 9.224 GC heap before
{Heap before GC invocations=16 (full 4):
 PSYoungGen      total 59392K, used 56288K [0x00000000e0000000, 0x00000000e5900000, 0x0000000100000000)
  eden space 44544K, 93% used [0x00000000e0000000,0x00000000e2879088,0x00000000e2b80000)
  from space 14848K, 99% used [0x00000000e3e00000,0x00000000e4c7f118,0x00000000e4c80000)
  to   space 18944K, 0% used [0x00000000e2b80000,0x00000000e2b80000,0x00000000e3e00000)
 ParOldGen       total 106496K, used 105941K [0x00000000a0000000, 0x00000000a6800000, 0x00000000e0000000)
  object space 106496K, 99% used [0x00000000a0000000,0x00000000a67755b8,0x00000000a6800000)
 Metaspace       used 44248K, capacity 44964K, committed 45440K, reserved 1089536K
  class space    used 5527K, capacity 5678K, committed 5760K, reserved 1048576K
Event: 9.494 GC heap after
Heap after GC invocations=16 (full 4):
 PSYoungGen      total 59392K, used 0K [0x00000000e0000000, 0x00000000e5900000, 0x0000000100000000)
  eden space 44544K, 0% used [0x00000000e0000000,0x00000000e0000000,0x00000000e2b80000)
  from space 14848K, 0% used [0x00000000e3e00000,0x00000000e3e00000,0x00000000e4c80000)
  to   space 18944K, 0% used [0x00000000e2b80000,0x00000000e2b80000,0x00000000e3e00000)
 ParOldGen       total 152576K, used 85930K [0x00000000a0000000, 0x00000000a9500000, 0x00000000e0000000)
  object space 152576K, 56% used [0x00000000a0000000,0x00000000a53eab38,0x00000000a9500000)
 Metaspace       used 44248K, capacity 44964K, committed 45440K, reserved 1089536K
  class space    used 5527K, capacity 5678K, committed 5760K, reserved 1048576K
}
Event: 9.657 GC heap before
{Heap before GC invocations=17 (full 4):
 PSYoungGen      total 59392K, used 35866K [0x00000000e0000000, 0x00000000e5900000, 0x0000000100000000)
  eden space 44544K, 80% used [0x00000000e0000000,0x00000000e2306990,0x00000000e2b80000)
  from space 14848K, 0% used [0x00000000e3e00000,0x00000000e3e00000,0x00000000e4c80000)
  to   space 18944K, 0% used [0x00000000e2b80000,0x00000000e2b80000,0x00000000e3e00000)
 ParOldGen       total 194048K, used 167986K [0x00000000a0000000, 0x00000000abd80000, 0x00000000e0000000)
  object space 194048K, 86% used [0x00000000a0000000,0x00000000aa40c808,0x00000000abd80000)
 Metaspace       used 45049K, capacity 45750K, committed 46080K, reserved 1089536K
  class space    used 5638K, capacity 5787K, committed 5888K, reserved 1048576K
Event: 9.667 GC heap after
Heap after GC invocations=17 (full 4):
 PSYoungGen      total 63488K, used 4795K [0x00000000e0000000, 0x00000000e5800000, 0x0000000100000000)
  eden space 44544K, 0% used [0x00000000e0000000,0x00000000e0000000,0x00000000e2b80000)
  from space 18944K, 25% used [0x00000000e2b80000,0x00000000e302ef98,0x00000000e3e00000)
  to   space 18432K, 0% used [0x00000000e4600000,0x00000000e4600000,0x00000000e5800000)
 ParOldGen       total 194048K, used 167994K [0x00000000a0000000, 0x00000000abd80000, 0x00000000e0000000)
  object space 194048K, 86% used [0x00000000a0000000,0x00000000aa40e808,0x00000000abd80000)
 Metaspace       used 45049K, capacity 45750K, committed 46080K, reserved 1089536K
  class space    used 5638K, capacity 5787K, committed 5888K, reserved 1048576K
}
Event: 9.741 GC heap before
{Heap before GC invocations=18 (full 4):
 PSYoungGen      total 63488K, used 45149K [0x00000000e0000000, 0x00000000e5800000, 0x0000000100000000)
  eden space 44544K, 90% used [0x00000000e0000000,0x00000000e27686e0,0x00000000e2b80000)
  from space 18944K, 25% used [0x00000000e2b80000,0x00000000e302ef98,0x00000000e3e00000)
  to   space 18432K, 0% used [0x00000000e4600000,0x00000000e4600000,0x00000000e5800000)
 ParOldGen       total 276992K, used 250049K [0x00000000a0000000, 0x00000000b0e80000, 0x00000000e0000000)
  object space 276992K, 90% used [0x00000000a0000000,0x00000000af4304d8,0x00000000b0e80000)
 Metaspace       used 45285K, capacity 45998K, committed 46336K, reserved 1089536K
  class space    used 5676K, capacity 5823K, committed 5888K, reserved 1048576K
Event: 9.751 GC heap after
Heap after GC invocations=18 (full 4):
 PSYoungGen      total 70144K, used 14640K [0x00000000e0000000, 0x00000000e6000000, 0x0000000100000000)
  eden space 51712K, 0% used [0x00000000e0000000,0x00000000e0000000,0x00000000e3280000)
  from space 18432K, 79% used [0x00000000e4600000,0x00000000e544c0c0,0x00000000e5800000)
  to   space 19968K, 0% used [0x00000000e3280000,0x00000000e3280000,0x00000000e4600000)
 ParOldGen       total 276992K, used 250057K [0x00000000a0000000, 0x00000000b0e80000, 0x00000000e0000000)
  object space 276992K, 90% used [0x00000000a0000000,0x00000000af4324d8,0x00000000b0e80000)
 Metaspace       used 45285K, capacity 45998K, committed 46336K, reserved 1089536K
  class space    used 5676K, capacity 5823K, committed 5888K, reserved 1048576K
}
Event: 9.949 GC heap before
{Heap before GC invocations=19 (full 4):
 PSYoungGen      total 70144K, used 66352K [0x00000000e0000000, 0x00000000e6000000, 0x0000000100000000)
  eden space 51712K, 100% used [0x00000000e0000000,0x00000000e3280000,0x00000000e3280000)
  from space 18432K, 79% used [0x00000000e4600000,0x00000000e544c0c0,0x00000000e5800000)
  to   space 19968K, 0% used [0x00000000e3280000,0x00000000e3280000,0x00000000e4600000)
 ParOldGen       total 276992K, used 250057K [0x00000000a0000000, 0x00000000b0e80000, 0x00000000e0000000)
  object space 276992K, 90% used [0x00000000a0000000,0x00000000af4324d8,0x00000000b0e80000)
 Metaspace       used 45790K, capacity 46518K, committed 46976K, reserved 1089536K
  class space    used 5731K, capacity 5889K, committed 6016K, reserved 1048576K
Event: 9.956 GC heap after
Heap after GC invocations=19 (full 4):
 PSYoungGen      total 71680K, used 5749K [0x00000000e0000000, 0x00000000e6700000, 0x0000000100000000)
  eden space 51712K, 0% used [0x00000000e0000000,0x00000000e0000000,0x00000000e3280000)
  from space 19968K, 28% used [0x00000000e3280000,0x00000000e381d558,0x00000000e4600000)
  to   space 19456K, 0% used [0x00000000e5400000,0x00000000e5400000,0x00000000e6700000)
 ParOldGen       total 276992K, used 250065K [0x00000000a0000000, 0x00000000b0e80000, 0x00000000e0000000)
  object space 276992K, 90% used [0x00000000a0000000,0x00000000af4344d8,0x00000000b0e80000)
 Metaspace       used 45790K, capacity 46518K, committed 46976K, reserved 1089536K
  class space    used 5731K, capacity 5889K, committed 6016K, reserved 1048576K
}

