# JRE version: OpenJDK Runtime Environment (8.0_152-b01) (build 1.8.0_152-release-915-b01)
# Java VM: OpenJDK 64-Bit Server VM (25.152-b01 mixed mode windows-amd64 compressed oops)
Heap:
 PSYoungGen      total 285184K, used 177789K [0x00000000e0000000, 0x00000000f7900000, 0x0000000100000000)
  eden space 257024K, 62% used [0x00000000e0000000,0x00000000e9bd2cf0,0x00000000efb00000)
  from space 28160K, 64% used [0x00000000efb00000,0x00000000f0ccc7f8,0x00000000f1680000)
  to   space 28672K, 0% used [0x00000000f5d00000,0x00000000f5d00000,0x00000000f7900000)
 ParOldGen       total 100864K, used 61073K [0x00000000a0000000, 0x00000000a6280000, 0x00000000e0000000)
  object space 100864K, 60% used [0x00000000a0000000,0x00000000a3ba47a0,0x00000000a6280000)
 Metaspace       used 78805K, capacity 82576K, committed 82776K, reserved 1120256K
  class space    used 10411K, capacity 11324K, committed 11392K, reserved 1048576K
GC Heap History (10 events):
Event: 33.694 GC heap before
{Heap before GC invocations=16 (full 2):
 PSYoungGen      total 151552K, used 25666K [0x00000000e0000000, 0x00000000ee380000, 0x0000000100000000)
  eden space 131072K, 3% used [0x00000000e0000000,0x00000000e0513478,0x00000000e8000000)
  from space 20480K, 99% used [0x00000000e8000000,0x00000000e93fd4e0,0x00000000e9400000)
  to   space 27648K, 0% used [0x00000000ec880000,0x00000000ec880000,0x00000000ee380000)
 ParOldGen       total 61440K, used 35273K [0x00000000a0000000, 0x00000000a3c00000, 0x00000000e0000000)
  object space 61440K, 57% used [0x00000000a0000000,0x00000000a2272558,0x00000000a3c00000)
 Metaspace       used 56774K, capacity 58922K, committed 59028K, reserved 1099776K
  class space    used 7801K, capacity 8371K, committed 8448K, reserved 1048576K
Event: 33.727 GC heap after
Heap after GC invocations=16 (full 2):
 PSYoungGen      total 204800K, used 16978K [0x00000000e0000000, 0x00000000eff00000, 0x0000000100000000)
  eden space 177152K, 0% used [0x00000000e0000000,0x00000000e0000000,0x00000000ead00000)
  from space 27648K, 61% used [0x00000000ec880000,0x00000000ed9148d8,0x00000000ee380000)
  to   space 28160K, 0% used [0x00000000ead00000,0x00000000ead00000,0x00000000ec880000)
 ParOldGen       total 61440K, used 39167K [0x00000000a0000000, 0x00000000a3c00000, 0x00000000e0000000)
  object space 61440K, 63% used [0x00000000a0000000,0x00000000a263fc20,0x00000000a3c00000)
 Metaspace       used 56774K, capacity 58922K, committed 59028K, reserved 1099776K
  class space    used 7801K, capacity 8371K, committed 8448K, reserved 1048576K
}
Event: 33.727 GC heap before
{Heap before GC invocations=17 (full 3):
 PSYoungGen      total 204800K, used 16978K [0x00000000e0000000, 0x00000000eff00000, 0x0000000100000000)
  eden space 177152K, 0% used [0x00000000e0000000,0x00000000e0000000,0x00000000ead00000)
  from space 27648K, 61% used [0x00000000ec880000,0x00000000ed9148d8,0x00000000ee380000)
  to   space 28160K, 0% used [0x00000000ead00000,0x00000000ead00000,0x00000000ec880000)
 ParOldGen       total 61440K, used 39167K [0x00000000a0000000, 0x00000000a3c00000, 0x00000000e0000000)
  object space 61440K, 63% used [0x00000000a0000000,0x00000000a263fc20,0x00000000a3c00000)
 Metaspace       used 56774K, capacity 58922K, committed 59028K, reserved 1099776K
  class space    used 7801K, capacity 8371K, committed 8448K, reserved 1048576K
Event: 34.165 GC heap after
Heap after GC invocations=17 (full 3):
 PSYoungGen      total 204800K, used 0K [0x00000000e0000000, 0x00000000eff00000, 0x0000000100000000)
  eden space 177152K, 0% used [0x00000000e0000000,0x00000000e0000000,0x00000000ead00000)
  from space 27648K, 0% used [0x00000000ec880000,0x00000000ec880000,0x00000000ee380000)
  to   space 28160K, 0% used [0x00000000ead00000,0x00000000ead00000,0x00000000ec880000)
 ParOldGen       total 100864K, used 47359K [0x00000000a0000000, 0x00000000a6280000, 0x00000000e0000000)
  object space 100864K, 46% used [0x00000000a0000000,0x00000000a2e3fc88,0x00000000a6280000)
 Metaspace       used 56774K, capacity 58922K, committed 59028K, reserved 1099776K
  class space    used 7801K, capacity 8371K, committed 8448K, reserved 1048576K
}
Event: 55.981 GC heap before
{Heap before GC invocations=18 (full 3):
 PSYoungGen      total 204800K, used 177152K [0x00000000e0000000, 0x00000000eff00000, 0x0000000100000000)
  eden space 177152K, 100% used [0x00000000e0000000,0x00000000ead00000,0x00000000ead00000)
  from space 27648K, 0% used [0x00000000ec880000,0x00000000ec880000,0x00000000ee380000)
  to   space 28160K, 0% used [0x00000000ead00000,0x00000000ead00000,0x00000000ec880000)
 ParOldGen       total 100864K, used 47359K [0x00000000a0000000, 0x00000000a6280000, 0x00000000e0000000)
  object space 100864K, 46% used [0x00000000a0000000,0x00000000a2e3fc88,0x00000000a6280000)
 Metaspace       used 65273K, capacity 67850K, committed 67928K, reserved 1107968K
  class space    used 8890K, capacity 9583K, committed 9600K, reserved 1048576K
Event: 56.004 GC heap after
Heap after GC invocations=18 (full 3):
 PSYoungGen      total 205312K, used 14270K [0x00000000e0000000, 0x00000000f3680000, 0x0000000100000000)
  eden space 177152K, 0% used [0x00000000e0000000,0x00000000e0000000,0x00000000ead00000)
  from space 28160K, 50% used [0x00000000ead00000,0x00000000ebaefa90,0x00000000ec880000)
  to   space 27648K, 0% used [0x00000000f1b80000,0x00000000f1b80000,0x00000000f3680000)
 ParOldGen       total 100864K, used 47386K [0x00000000a0000000, 0x00000000a6280000, 0x00000000e0000000)
  object space 100864K, 46% used [0x00000000a0000000,0x00000000a2e468d8,0x00000000a6280000)
 Metaspace       used 65273K, capacity 67850K, committed 67928K, reserved 1107968K
  class space    used 8890K, capacity 9583K, committed 9600K, reserved 1048576K
}
Event: 2106.867 GC heap before
{Heap before GC invocations=19 (full 3):
 PSYoungGen      total 205312K, used 191422K [0x00000000e0000000, 0x00000000f3680000, 0x0000000100000000)
  eden space 177152K, 100% used [0x00000000e0000000,0x00000000ead00000,0x00000000ead00000)
  from space 28160K, 50% used [0x00000000ead00000,0x00000000ebaefa90,0x00000000ec880000)
  to   space 27648K, 0% used [0x00000000f1b80000,0x00000000f1b80000,0x00000000f3680000)
 ParOldGen       total 100864K, used 47386K [0x00000000a0000000, 0x00000000a6280000, 0x00000000e0000000)
  object space 100864K, 46% used [0x00000000a0000000,0x00000000a2e468d8,0x00000000a6280000)
 Metaspace       used 70836K, capacity 74108K, committed 74200K, reserved 1114112K
  class space    used 9427K, capacity 10238K, committed 10240K, reserved 1048576K
Event: 2107.070 GC heap after
Heap after GC invocations=19 (full 3):
 PSYoungGen      total 280064K, used 17415K [0x00000000e0000000, 0x00000000f3200000, 0x0000000100000000)
  eden space 257024K, 0% used [0x00000000e0000000,0x00000000e0000000,0x00000000efb00000)
  from space 23040K, 75% used [0x00000000f1b80000,0x00000000f2c81c78,0x00000000f3200000)
  to   space 28160K, 0% used [0x00000000efb00000,0x00000000efb00000,0x00000000f1680000)
 ParOldGen       total 100864K, used 47394K [0x00000000a0000000, 0x00000000a6280000, 0x00000000e0000000)
  object space 100864K, 46% used [0x00000000a0000000,0x00000000a2e488d8,0x00000000a6280000)
 Metaspace       used 70836K, capacity 74108K, committed 74200K, reserved 1114112K
  class space    used 9427K, capacity 10238K, committed 10240K, reserved 1048576K
}
Event: 2685.770 GC heap before
{Heap before GC invocations=20 (full 3):
 PSYoungGen      total 280064K, used 272562K [0x00000000e0000000, 0x00000000f3200000, 0x0000000100000000)
  eden space 257024K, 99% used [0x00000000e0000000,0x00000000ef92ac90,0x00000000efb00000)
  from space 23040K, 75% used [0x00000000f1b80000,0x00000000f2c81c78,0x00000000f3200000)
  to   space 28160K, 0% used [0x00000000efb00000,0x00000000efb00000,0x00000000f1680000)
 ParOldGen       total 100864K, used 47394K [0x00000000a0000000, 0x00000000a6280000, 0x00000000e0000000)
  object space 100864K, 46% used [0x00000000a0000000,0x00000000a2e488d8,0x00000000a6280000)
 Metaspace       used 77997K, capacity 81704K, committed 81880K, reserved 1120256K
  class space    used 10325K, capacity 11224K, committed 11264K, reserved 1048576K
Event: 2686.174 GC heap after
Heap after GC invocations=20 (full 3):
 PSYoungGen      total 285184K, used 18225K [0x00000000e0000000, 0x00000000f7900000, 0x0000000100000000)
  eden space 257024K, 0% used [0x00000000e0000000,0x00000000e0000000,0x00000000efb00000)
  from space 28160K, 64% used [0x00000000efb00000,0x00000000f0ccc7f8,0x00000000f1680000)
  to   space 28672K, 0% used [0x00000000f5d00000,0x00000000f5d00000,0x00000000f7900000)
 ParOldGen       total 100864K, used 61073K [0x00000000a0000000, 0x00000000a6280000, 0x00000000e0000000)
  object space 100864K, 60% used [0x00000000a0000000,0x00000000a3ba47a0,0x00000000a6280000)
 Metaspace       used 77997K, capacity 81704K, committed 81880K, reserved 1120256K
  class space    used 10325K, capacity 11224K, committed 11264K, reserved 1048576K
}

