# JRE version: OpenJDK Runtime Environment (8.0_152-b01) (build 1.8.0_152-release-915-b01)
# Java VM: OpenJDK 64-Bit Server VM (25.152-b01 mixed mode windows-amd64 compressed oops)
Heap:
 PSYoungGen      total 49664K, used 9888K [0x00000000e0000000, 0x00000000e3f00000, 0x0000000100000000)
  eden space 38400K, 25% used [0x00000000e0000000,0x00000000e09a82a0,0x00000000e2580000)
  from space 11264K, 0% used [0x00000000e2580000,0x00000000e2580000,0x00000000e3080000)
  to   space 8192K, 0% used [0x00000000e3080000,0x00000000e3080000,0x00000000e3880000)
 ParOldGen       total 33792K, used 12786K [0x00000000a0000000, 0x00000000a2100000, 0x00000000e0000000)
  object space 33792K, 37% used [0x00000000a0000000,0x00000000a0c7ca10,0x00000000a2100000)
 Metaspace       used 36791K, capacity 37230K, committed 37800K, reserved 1083392K
  class space    used 4661K, capacity 4795K, committed 4864K, reserved 1048576K
GC Heap History (10 events):
Event: 9.132 GC heap before
{Heap before GC invocations=12 (full 3):
 PSYoungGen      total 49664K, used 10690K [0x00000000e0000000, 0x00000000e3f00000, 0x0000000100000000)
  eden space 38400K, 0% used [0x00000000e0000000,0x00000000e0000000,0x00000000e2580000)
  from space 11264K, 94% used [0x00000000e2580000,0x00000000e2ff0b58,0x00000000e3080000)
  to   space 8192K, 0% used [0x00000000e3080000,0x00000000e3080000,0x00000000e3880000)
 ParOldGen       total 33792K, used 12430K [0x00000000a0000000, 0x00000000a2100000, 0x00000000e0000000)
  object space 33792K, 36% used [0x00000000a0000000,0x00000000a0c23aa0,0x00000000a2100000)
 Metaspace       used 34745K, capacity 35150K, committed 35496K, reserved 1081344K
  class space    used 4405K, capacity 4545K, committed 4608K, reserved 1048576K
Event: 9.241 GC heap after
Heap after GC invocations=12 (full 3):
 PSYoungGen      total 49664K, used 0K [0x00000000e0000000, 0x00000000e3f00000, 0x0000000100000000)
  eden space 38400K, 0% used [0x00000000e0000000,0x00000000e0000000,0x00000000e2580000)
  from space 11264K, 0% used [0x00000000e2580000,0x00000000e2580000,0x00000000e3080000)
  to   space 8192K, 0% used [0x00000000e3080000,0x00000000e3080000,0x00000000e3880000)
 ParOldGen       total 33792K, used 15179K [0x00000000a0000000, 0x00000000a2100000, 0x00000000e0000000)
  object space 33792K, 44% used [0x00000000a0000000,0x00000000a0ed2e88,0x00000000a2100000)
 Metaspace       used 34745K, capacity 35150K, committed 35496K, reserved 1081344K
  class space    used 4405K, capacity 4545K, committed 4608K, reserved 1048576K
}
Event: 9.678 GC heap before
{Heap before GC invocations=13 (full 3):
 PSYoungGen      total 49664K, used 14811K [0x00000000e0000000, 0x00000000e3f00000, 0x0000000100000000)
  eden space 38400K, 38% used [0x00000000e0000000,0x00000000e0e76dc0,0x00000000e2580000)
  from space 11264K, 0% used [0x00000000e2580000,0x00000000e2580000,0x00000000e3080000)
  to   space 8192K, 0% used [0x00000000e3080000,0x00000000e3080000,0x00000000e3880000)
 ParOldGen       total 33792K, used 15179K [0x00000000a0000000, 0x00000000a2100000, 0x00000000e0000000)
  object space 33792K, 44% used [0x00000000a0000000,0x00000000a0ed2e88,0x00000000a2100000)
 Metaspace       used 36185K, capacity 36646K, committed 36904K, reserved 1085440K
  class space    used 4581K, capacity 4717K, committed 4736K, reserved 1048576K
Event: 9.682 GC heap after
Heap after GC invocations=13 (full 3):
 PSYoungGen      total 46592K, used 3345K [0x00000000e0000000, 0x00000000e3f00000, 0x0000000100000000)
  eden space 38400K, 0% used [0x00000000e0000000,0x00000000e0000000,0x00000000e2580000)
  from space 8192K, 40% used [0x00000000e3080000,0x00000000e33c4528,0x00000000e3880000)
  to   space 11264K, 0% used [0x00000000e2580000,0x00000000e2580000,0x00000000e3080000)
 ParOldGen       total 33792K, used 15187K [0x00000000a0000000, 0x00000000a2100000, 0x00000000e0000000)
  object space 33792K, 44% used [0x00000000a0000000,0x00000000a0ed4e88,0x00000000a2100000)
 Metaspace       used 36185K, capacity 36646K, committed 36904K, reserved 1085440K
  class space    used 4581K, capacity 4717K, committed 4736K, reserved 1048576K
}
Event: 9.682 GC heap before
{Heap before GC invocations=14 (full 4):
 PSYoungGen      total 46592K, used 3345K [0x00000000e0000000, 0x00000000e3f00000, 0x0000000100000000)
  eden space 38400K, 0% used [0x00000000e0000000,0x00000000e0000000,0x00000000e2580000)
  from space 8192K, 40% used [0x00000000e3080000,0x00000000e33c4528,0x00000000e3880000)
  to   space 11264K, 0% used [0x00000000e2580000,0x00000000e2580000,0x00000000e3080000)
 ParOldGen       total 33792K, used 15187K [0x00000000a0000000, 0x00000000a2100000, 0x00000000e0000000)
  object space 33792K, 44% used [0x00000000a0000000,0x00000000a0ed4e88,0x00000000a2100000)
 Metaspace       used 36185K, capacity 36646K, committed 36904K, reserved 1085440K
  class space    used 4581K, capacity 4717K, committed 4736K, reserved 1048576K
Event: 9.741 GC heap after
Heap after GC invocations=14 (full 4):
 PSYoungGen      total 46592K, used 0K [0x00000000e0000000, 0x00000000e3f00000, 0x0000000100000000)
  eden space 38400K, 0% used [0x00000000e0000000,0x00000000e0000000,0x00000000e2580000)
  from space 8192K, 0% used [0x00000000e3080000,0x00000000e3080000,0x00000000e3880000)
  to   space 11264K, 0% used [0x00000000e2580000,0x00000000e2580000,0x00000000e3080000)
 ParOldGen       total 33792K, used 15918K [0x00000000a0000000, 0x00000000a2100000, 0x00000000e0000000)
  object space 33792K, 47% used [0x00000000a0000000,0x00000000a0f8ba50,0x00000000a2100000)
 Metaspace       used 36185K, capacity 36646K, committed 36904K, reserved 1083392K
  class space    used 4581K, capacity 4717K, committed 4736K, reserved 1048576K
}
Event: 9.741 GC heap before
{Heap before GC invocations=15 (full 4):
 PSYoungGen      total 46592K, used 0K [0x00000000e0000000, 0x00000000e3f00000, 0x0000000100000000)
  eden space 38400K, 0% used [0x00000000e0000000,0x00000000e0000000,0x00000000e2580000)
  from space 8192K, 0% used [0x00000000e3080000,0x00000000e3080000,0x00000000e3880000)
  to   space 11264K, 0% used [0x00000000e2580000,0x00000000e2580000,0x00000000e3080000)
 ParOldGen       total 33792K, used 15918K [0x00000000a0000000, 0x00000000a2100000, 0x00000000e0000000)
  object space 33792K, 47% used [0x00000000a0000000,0x00000000a0f8ba50,0x00000000a2100000)
 Metaspace       used 36185K, capacity 36646K, committed 36904K, reserved 1087488K
  class space    used 4581K, capacity 4717K, committed 4736K, reserved 1048576K
Event: 9.743 GC heap after
Heap after GC invocations=15 (full 4):
 PSYoungGen      total 49664K, used 0K [0x00000000e0000000, 0x00000000e3f00000, 0x0000000100000000)
  eden space 38400K, 0% used [0x00000000e0000000,0x00000000e0000000,0x00000000e2580000)
  from space 11264K, 0% used [0x00000000e2580000,0x00000000e2580000,0x00000000e3080000)
  to   space 8192K, 0% used [0x00000000e3080000,0x00000000e3080000,0x00000000e3880000)
 ParOldGen       total 33792K, used 15918K [0x00000000a0000000, 0x00000000a2100000, 0x00000000e0000000)
  object space 33792K, 47% used [0x00000000a0000000,0x00000000a0f8ba50,0x00000000a2100000)
 Metaspace       used 36185K, capacity 36646K, committed 36904K, reserved 1087488K
  class space    used 4581K, capacity 4717K, committed 4736K, reserved 1048576K
}
Event: 9.743 GC heap before
{Heap before GC invocations=16 (full 5):
 PSYoungGen      total 49664K, used 0K [0x00000000e0000000, 0x00000000e3f00000, 0x0000000100000000)
  eden space 38400K, 0% used [0x00000000e0000000,0x00000000e0000000,0x00000000e2580000)
  from space 11264K, 0% used [0x00000000e2580000,0x00000000e2580000,0x00000000e3080000)
  to   space 8192K, 0% used [0x00000000e3080000,0x00000000e3080000,0x00000000e3880000)
 ParOldGen       total 33792K, used 15918K [0x00000000a0000000, 0x00000000a2100000, 0x00000000e0000000)
  object space 33792K, 47% used [0x00000000a0000000,0x00000000a0f8ba50,0x00000000a2100000)
 Metaspace       used 36185K, capacity 36646K, committed 36904K, reserved 1087488K
  class space    used 4581K, capacity 4717K, committed 4736K, reserved 1048576K
Event: 9.862 GC heap after
Heap after GC invocations=16 (full 5):
 PSYoungGen      total 49664K, used 0K [0x00000000e0000000, 0x00000000e3f00000, 0x0000000100000000)
  eden space 38400K, 0% used [0x00000000e0000000,0x00000000e0000000,0x00000000e2580000)
  from space 11264K, 0% used [0x00000000e2580000,0x00000000e2580000,0x00000000e3080000)
  to   space 8192K, 0% used [0x00000000e3080000,0x00000000e3080000,0x00000000e3880000)
 ParOldGen       total 33792K, used 12786K [0x00000000a0000000, 0x00000000a2100000, 0x00000000e0000000)
  object space 33792K, 37% used [0x00000000a0000000,0x00000000a0c7ca10,0x00000000a2100000)
 Metaspace       used 36112K, capacity 36528K, committed 36904K, reserved 1083392K
  class space    used 4567K, capacity 4692K, committed 4736K, reserved 1048576K
}

