# JRE version: OpenJDK Runtime Environment (8.0_152-b01) (build 1.8.0_152-release-915-b01)
# Java VM: OpenJDK 64-Bit Server VM (25.152-b01 mixed mode windows-amd64 compressed oops)
Heap:
 PSYoungGen      total 228864K, used 14481K [0x00000000e0000000, 0x00000000f4b00000, 0x0000000100000000)
  eden space 198656K, 7% used [0x00000000e0000000,0x00000000e0e247f0,0x00000000ec200000)
  from space 30208K, 0% used [0x00000000ec200000,0x00000000ec200000,0x00000000edf80000)
  to   space 30208K, 0% used [0x00000000f2d80000,0x00000000f2d80000,0x00000000f4b00000)
 ParOldGen       total 99328K, used 35219K [0x00000000a0000000, 0x00000000a6100000, 0x00000000e0000000)
  object space 99328K, 35% used [0x00000000a0000000,0x00000000a2264f58,0x00000000a6100000)
 Metaspace       used 55548K, capacity 56704K, committed 57048K, reserved 1099776K
  class space    used 6487K, capacity 6780K, committed 6912K, reserved 1048576K
GC Heap History (10 events):
Event: 3613.785 GC heap before
{Heap before GC invocations=16 (full 3):
 PSYoungGen      total 225792K, used 186600K [0x00000000e0000000, 0x00000000ef900000, 0x0000000100000000)
  eden space 199680K, 88% used [0x00000000e0000000,0x00000000eabd99c0,0x00000000ec300000)
  from space 26112K, 40% used [0x00000000edb00000,0x00000000ee5607e0,0x00000000ef480000)
  to   space 24576K, 0% used [0x00000000ec300000,0x00000000ec300000,0x00000000edb00000)
 ParOldGen       total 99328K, used 41238K [0x00000000a0000000, 0x00000000a6100000, 0x00000000e0000000)
  object space 99328K, 41% used [0x00000000a0000000,0x00000000a2845a18,0x00000000a6100000)
 Metaspace       used 52879K, capacity 53876K, committed 54232K, reserved 1097728K
  class space    used 6354K, capacity 6588K, committed 6656K, reserved 1048576K
Event: 3613.954 GC heap after
Heap after GC invocations=16 (full 3):
 PSYoungGen      total 224256K, used 10594K [0x00000000e0000000, 0x00000000ef600000, 0x0000000100000000)
  eden space 199680K, 0% used [0x00000000e0000000,0x00000000e0000000,0x00000000ec300000)
  from space 24576K, 43% used [0x00000000ec300000,0x00000000ecd588d0,0x00000000edb00000)
  to   space 23040K, 0% used [0x00000000edf80000,0x00000000edf80000,0x00000000ef600000)
 ParOldGen       total 99328K, used 41294K [0x00000000a0000000, 0x00000000a6100000, 0x00000000e0000000)
  object space 99328K, 41% used [0x00000000a0000000,0x00000000a2853a18,0x00000000a6100000)
 Metaspace       used 52879K, capacity 53876K, committed 54232K, reserved 1097728K
  class space    used 6354K, capacity 6588K, committed 6656K, reserved 1048576K
}
Event: 3613.954 GC heap before
{Heap before GC invocations=17 (full 4):
 PSYoungGen      total 224256K, used 10594K [0x00000000e0000000, 0x00000000ef600000, 0x0000000100000000)
  eden space 199680K, 0% used [0x00000000e0000000,0x00000000e0000000,0x00000000ec300000)
  from space 24576K, 43% used [0x00000000ec300000,0x00000000ecd588d0,0x00000000edb00000)
  to   space 23040K, 0% used [0x00000000edf80000,0x00000000edf80000,0x00000000ef600000)
 ParOldGen       total 99328K, used 41294K [0x00000000a0000000, 0x00000000a6100000, 0x00000000e0000000)
  object space 99328K, 41% used [0x00000000a0000000,0x00000000a2853a18,0x00000000a6100000)
 Metaspace       used 52879K, capacity 53876K, committed 54232K, reserved 1097728K
  class space    used 6354K, capacity 6588K, committed 6656K, reserved 1048576K
Event: 3614.505 GC heap after
Heap after GC invocations=17 (full 4):
 PSYoungGen      total 224256K, used 0K [0x00000000e0000000, 0x00000000ef600000, 0x0000000100000000)
  eden space 199680K, 0% used [0x00000000e0000000,0x00000000e0000000,0x00000000ec300000)
  from space 24576K, 0% used [0x00000000ec300000,0x00000000ec300000,0x00000000edb00000)
  to   space 23040K, 0% used [0x00000000edf80000,0x00000000edf80000,0x00000000ef600000)
 ParOldGen       total 99328K, used 38130K [0x00000000a0000000, 0x00000000a6100000, 0x00000000e0000000)
  object space 99328K, 38% used [0x00000000a0000000,0x00000000a253c868,0x00000000a6100000)
 Metaspace       used 52735K, capacity 53644K, committed 54232K, reserved 1097728K
  class space    used 6330K, capacity 6544K, committed 6656K, reserved 1048576K
}
Event: 7200.131 GC heap before
{Heap before GC invocations=18 (full 4):
 PSYoungGen      total 224256K, used 199680K [0x00000000e0000000, 0x00000000ef600000, 0x0000000100000000)
  eden space 199680K, 100% used [0x00000000e0000000,0x00000000ec300000,0x00000000ec300000)
  from space 24576K, 0% used [0x00000000ec300000,0x00000000ec300000,0x00000000edb00000)
  to   space 23040K, 0% used [0x00000000edf80000,0x00000000edf80000,0x00000000ef600000)
 ParOldGen       total 99328K, used 38130K [0x00000000a0000000, 0x00000000a6100000, 0x00000000e0000000)
  object space 99328K, 38% used [0x00000000a0000000,0x00000000a253c868,0x00000000a6100000)
 Metaspace       used 54414K, capacity 55426K, committed 55640K, reserved 1097728K
  class space    used 6423K, capacity 6661K, committed 6784K, reserved 1048576K
Event: 7200.212 GC heap after
Heap after GC invocations=18 (full 4):
 PSYoungGen      total 221696K, used 23027K [0x00000000e0000000, 0x00000000f4b00000, 0x0000000100000000)
  eden space 198656K, 0% used [0x00000000e0000000,0x00000000e0000000,0x00000000ec200000)
  from space 23040K, 99% used [0x00000000edf80000,0x00000000ef5fcda0,0x00000000ef600000)
  to   space 30208K, 0% used [0x00000000ec200000,0x00000000ec200000,0x00000000edf80000)
 ParOldGen       total 99328K, used 47196K [0x00000000a0000000, 0x00000000a6100000, 0x00000000e0000000)
  object space 99328K, 47% used [0x00000000a0000000,0x00000000a2e17290,0x00000000a6100000)
 Metaspace       used 54414K, capacity 55426K, committed 55640K, reserved 1097728K
  class space    used 6423K, capacity 6661K, committed 6784K, reserved 1048576K
}
Event: 7214.506 GC heap before
{Heap before GC invocations=19 (full 4):
 PSYoungGen      total 221696K, used 97905K [0x00000000e0000000, 0x00000000f4b00000, 0x0000000100000000)
  eden space 198656K, 37% used [0x00000000e0000000,0x00000000e491f928,0x00000000ec200000)
  from space 23040K, 99% used [0x00000000edf80000,0x00000000ef5fcda0,0x00000000ef600000)
  to   space 30208K, 0% used [0x00000000ec200000,0x00000000ec200000,0x00000000edf80000)
 ParOldGen       total 99328K, used 47196K [0x00000000a0000000, 0x00000000a6100000, 0x00000000e0000000)
  object space 99328K, 47% used [0x00000000a0000000,0x00000000a2e17290,0x00000000a6100000)
 Metaspace       used 55678K, capacity 56800K, committed 57048K, reserved 1099776K
  class space    used 6525K, capacity 6812K, committed 6912K, reserved 1048576K
Event: 7214.638 GC heap after
Heap after GC invocations=19 (full 4):
 PSYoungGen      total 228864K, used 1758K [0x00000000e0000000, 0x00000000f4b00000, 0x0000000100000000)
  eden space 198656K, 0% used [0x00000000e0000000,0x00000000e0000000,0x00000000ec200000)
  from space 30208K, 5% used [0x00000000ec200000,0x00000000ec3b7998,0x00000000edf80000)
  to   space 30208K, 0% used [0x00000000f2d80000,0x00000000f2d80000,0x00000000f4b00000)
 ParOldGen       total 99328K, used 68787K [0x00000000a0000000, 0x00000000a6100000, 0x00000000e0000000)
  object space 99328K, 69% used [0x00000000a0000000,0x00000000a432cd90,0x00000000a6100000)
 Metaspace       used 55678K, capacity 56800K, committed 57048K, reserved 1099776K
  class space    used 6525K, capacity 6812K, committed 6912K, reserved 1048576K
}
Event: 7214.638 GC heap before
{Heap before GC invocations=20 (full 5):
 PSYoungGen      total 228864K, used 1758K [0x00000000e0000000, 0x00000000f4b00000, 0x0000000100000000)
  eden space 198656K, 0% used [0x00000000e0000000,0x00000000e0000000,0x00000000ec200000)
  from space 30208K, 5% used [0x00000000ec200000,0x00000000ec3b7998,0x00000000edf80000)
  to   space 30208K, 0% used [0x00000000f2d80000,0x00000000f2d80000,0x00000000f4b00000)
 ParOldGen       total 99328K, used 68787K [0x00000000a0000000, 0x00000000a6100000, 0x00000000e0000000)
  object space 99328K, 69% used [0x00000000a0000000,0x00000000a432cd90,0x00000000a6100000)
 Metaspace       used 55678K, capacity 56800K, committed 57048K, reserved 1099776K
  class space    used 6525K, capacity 6812K, committed 6912K, reserved 1048576K
Event: 7215.087 GC heap after
Heap after GC invocations=20 (full 5):
 PSYoungGen      total 228864K, used 0K [0x00000000e0000000, 0x00000000f4b00000, 0x0000000100000000)
  eden space 198656K, 0% used [0x00000000e0000000,0x00000000e0000000,0x00000000ec200000)
  from space 30208K, 0% used [0x00000000ec200000,0x00000000ec200000,0x00000000edf80000)
  to   space 30208K, 0% used [0x00000000f2d80000,0x00000000f2d80000,0x00000000f4b00000)
 ParOldGen       total 99328K, used 35219K [0x00000000a0000000, 0x00000000a6100000, 0x00000000e0000000)
  object space 99328K, 35% used [0x00000000a0000000,0x00000000a2264f58,0x00000000a6100000)
 Metaspace       used 55267K, capacity 56272K, committed 57048K, reserved 1099776K
  class space    used 6464K, capacity 6720K, committed 6912K, reserved 1048576K
}

